<?xml version="1.0" encoding="UTF-8"?>
<!-- Generated by org.testng.reporters.JUnitXMLReporter -->
<testsuite hostname="Dell" ignored="2" name="Default test" tests="1" failures="0" timestamp="30 Jul 2019 10:14:04 GMT" time="6.002" errors="0">
  <testcase name="searchRepobranch" time="5.22" classname="com.mydemo.githubapi.githubapi.Testgit"/>
  <testcase name="searchRepo" time="0.0" classname="com.mydemo.githubapi.githubapi.Testgit">
    <ignored/>
  </testcase> <!-- searchRepo -->
  <testcase name="searchCode" time="0.0" classname="com.mydemo.githubapi.githubapi.Testgit">
    <ignored/>
  </testcase> <!-- searchCode -->
</testsuite> <!-- Default test -->
