<?xml version="1.0" encoding="UTF-8"?>
<testng-results skipped="0" failed="0" ignored="2" total="3" passed="1">
  <reporter-output>
  </reporter-output>
  <suite name="Default suite" duration-ms="6002" started-at="2019-07-30T10:13:58Z" finished-at="2019-07-30T10:14:04Z">
    <groups>
    </groups>
    <test name="Default test" duration-ms="6002" started-at="2019-07-30T10:13:58Z" finished-at="2019-07-30T10:14:04Z">
      <class name="com.mydemo.githubapi.githubapi.Testgit">
        <test-method status="PASS" signature="beforeTest()[pri:0, instance:com.mydemo.githubapi.githubapi.Testgit@1e88b3c]" name="beforeTest" is-config="true" duration-ms="741" started-at="2019-07-30T10:13:58Z" finished-at="2019-07-30T10:13:59Z">
          <reporter-output>
          </reporter-output>
        </test-method> <!-- beforeTest -->
        <test-method status="PASS" signature="searchRepobranch()[pri:0, instance:com.mydemo.githubapi.githubapi.Testgit@1e88b3c]" name="searchRepobranch" duration-ms="5220" started-at="2019-07-30T10:13:59Z" finished-at="2019-07-30T10:14:04Z">
          <reporter-output>
          </reporter-output>
        </test-method> <!-- searchRepobranch -->
      </class> <!-- com.mydemo.githubapi.githubapi.Testgit -->
    </test> <!-- Default test -->
  </suite> <!-- Default suite -->
</testng-results>
